{"D:\\repositories\\@Hacktiv8\\p2\\IP-RMT59\\server\\app.js": {"path":"D:\\repositories\\@Hacktiv8\\p2\\IP-RMT59\\server\\app.js","statementMap":{"0":{"start":{"line":1,"column":0},"end":{"line":3,"column":1}},"1":{"start":{"line":2,"column":4},"end":{"line":2,"column":30}},"2":{"start":{"line":5,"column":21},"end":{"line":5,"column":57}},"3":{"start":{"line":6,"column":17},"end":{"line":6,"column":40}},"4":{"start":{"line":7,"column":16},"end":{"line":7,"column":34}},"5":{"start":{"line":8,"column":13},"end":{"line":8,"column":28}},"6":{"start":{"line":10,"column":12},"end":{"line":10,"column":21}},"7":{"start":{"line":13,"column":0},"end":{"line":13,"column":16}},"8":{"start":{"line":15,"column":0},"end":{"line":15,"column":48}},"9":{"start":{"line":16,"column":0},"end":{"line":16,"column":23}},"10":{"start":{"line":18,"column":0},"end":{"line":18,"column":22}},"11":{"start":{"line":20,"column":0},"end":{"line":20,"column":21}},"12":{"start":{"line":22,"column":0},"end":{"line":22,"column":20}}},"fnMap":{},"branchMap":{"0":{"loc":{"start":{"line":1,"column":0},"end":{"line":3,"column":1}},"type":"if","locations":[{"start":{"line":1,"column":0},"end":{"line":3,"column":1}},{"start":{},"end":{}}],"line":1}},"s":{"0":6,"1":6,"2":6,"3":6,"4":6,"5":6,"6":6,"7":6,"8":6,"9":6,"10":6,"11":6,"12":6},"f":{},"b":{"0":[6,0]},"_coverageSchema":"1a1c01bbd47fc00a2c39e90264f33305004495a9","hash":"a25ae1348dbdd38e5698428d36d4a83accb648a5"}
,"D:\\repositories\\@Hacktiv8\\p2\\IP-RMT59\\server\\__test__\\test_env.js": {"path":"D:\\repositories\\@Hacktiv8\\p2\\IP-RMT59\\server\\__test__\\test_env.js","statementMap":{"0":{"start":{"line":1,"column":26},"end":{"line":1,"column":1226}},"1":{"start":{"line":3,"column":0},"end":{"line":3,"column":34}}},"fnMap":{},"branchMap":{},"s":{"0":1,"1":1},"f":{},"b":{},"_coverageSchema":"1a1c01bbd47fc00a2c39e90264f33305004495a9","hash":"c2a5c0d5ea87e266c1fa8fb466ed24d9e05ee2f6"}
,"D:\\repositories\\@Hacktiv8\\p2\\IP-RMT59\\server\\controllers\\AIController.js": {"path":"D:\\repositories\\@Hacktiv8\\p2\\IP-RMT59\\server\\controllers\\AIController.js","statementMap":{"0":{"start":{"line":1,"column":24},"end":{"line":1,"column":48}},"1":{"start":{"line":2,"column":11},"end":{"line":2,"column":66}},"2":{"start":{"line":6,"column":8},"end":{"line":26,"column":9}},"3":{"start":{"line":7,"column":31},"end":{"line":7,"column":39}},"4":{"start":{"line":9,"column":12},"end":{"line":13,"column":13}},"5":{"start":{"line":10,"column":16},"end":{"line":12,"column":18}},"6":{"start":{"line":15,"column":29},"end":{"line":18,"column":14}},"7":{"start":{"line":20,"column":12},"end":{"line":22,"column":14}},"8":{"start":{"line":23,"column":12},"end":{"line":23,"column":33}},"9":{"start":{"line":25,"column":12},"end":{"line":25,"column":23}},"10":{"start":{"line":30,"column":8},"end":{"line":56,"column":9}},"11":{"start":{"line":31,"column":30},"end":{"line":31,"column":38}},"12":{"start":{"line":33,"column":12},"end":{"line":37,"column":13}},"13":{"start":{"line":34,"column":16},"end":{"line":36,"column":18}},"14":{"start":{"line":39,"column":29},"end":{"line":42,"column":14}},"15":{"start":{"line":44,"column":12},"end":{"line":48,"column":13}},"16":{"start":{"line":45,"column":16},"end":{"line":47,"column":18}},"17":{"start":{"line":50,"column":12},"end":{"line":52,"column":14}},"18":{"start":{"line":53,"column":12},"end":{"line":53,"column":33}},"19":{"start":{"line":55,"column":12},"end":{"line":55,"column":23}},"20":{"start":{"line":61,"column":8},"end":{"line":80,"column":9}},"21":{"start":{"line":62,"column":29},"end":{"line":62,"column":37}},"22":{"start":{"line":64,"column":12},"end":{"line":68,"column":13}},"23":{"start":{"line":65,"column":16},"end":{"line":67,"column":18}},"24":{"start":{"line":70,"column":29},"end":{"line":73,"column":14}},"25":{"start":{"line":74,"column":12},"end":{"line":76,"column":14}},"26":{"start":{"line":77,"column":12},"end":{"line":77,"column":33}},"27":{"start":{"line":79,"column":12},"end":{"line":79,"column":23}},"28":{"start":{"line":85,"column":8},"end":{"line":104,"column":9}},"29":{"start":{"line":86,"column":29},"end":{"line":86,"column":37}},"30":{"start":{"line":88,"column":12},"end":{"line":92,"column":13}},"31":{"start":{"line":89,"column":16},"end":{"line":91,"column":18}},"32":{"start":{"line":94,"column":29},"end":{"line":97,"column":14}},"33":{"start":{"line":98,"column":12},"end":{"line":100,"column":14}},"34":{"start":{"line":101,"column":12},"end":{"line":101,"column":33}},"35":{"start":{"line":103,"column":12},"end":{"line":103,"column":23}},"36":{"start":{"line":108,"column":0},"end":{"line":108,"column":29}}},"fnMap":{"0":{"name":"(anonymous_0)","decl":{"start":{"line":5,"column":4},"end":{"line":5,"column":5}},"loc":{"start":{"line":5,"column":47},"end":{"line":27,"column":5}},"line":5},"1":{"name":"(anonymous_1)","decl":{"start":{"line":29,"column":4},"end":{"line":29,"column":5}},"loc":{"start":{"line":29,"column":47},"end":{"line":57,"column":5}},"line":29},"2":{"name":"(anonymous_2)","decl":{"start":{"line":60,"column":4},"end":{"line":60,"column":5}},"loc":{"start":{"line":60,"column":53},"end":{"line":81,"column":5}},"line":60},"3":{"name":"(anonymous_3)","decl":{"start":{"line":84,"column":4},"end":{"line":84,"column":5}},"loc":{"start":{"line":84,"column":54},"end":{"line":105,"column":5}},"line":84}},"branchMap":{"0":{"loc":{"start":{"line":9,"column":12},"end":{"line":13,"column":13}},"type":"if","locations":[{"start":{"line":9,"column":12},"end":{"line":13,"column":13}},{"start":{},"end":{}}],"line":9},"1":{"loc":{"start":{"line":33,"column":12},"end":{"line":37,"column":13}},"type":"if","locations":[{"start":{"line":33,"column":12},"end":{"line":37,"column":13}},{"start":{},"end":{}}],"line":33},"2":{"loc":{"start":{"line":44,"column":12},"end":{"line":48,"column":13}},"type":"if","locations":[{"start":{"line":44,"column":12},"end":{"line":48,"column":13}},{"start":{},"end":{}}],"line":44},"3":{"loc":{"start":{"line":64,"column":12},"end":{"line":68,"column":13}},"type":"if","locations":[{"start":{"line":64,"column":12},"end":{"line":68,"column":13}},{"start":{},"end":{}}],"line":64},"4":{"loc":{"start":{"line":88,"column":12},"end":{"line":92,"column":13}},"type":"if","locations":[{"start":{"line":88,"column":12},"end":{"line":92,"column":13}},{"start":{},"end":{}}],"line":88}},"s":{"0":6,"1":6,"2":2,"3":2,"4":2,"5":1,"6":1,"7":1,"8":1,"9":0,"10":3,"11":3,"12":3,"13":1,"14":2,"15":2,"16":1,"17":1,"18":1,"19":0,"20":1,"21":1,"22":1,"23":0,"24":1,"25":1,"26":1,"27":0,"28":1,"29":1,"30":1,"31":0,"32":1,"33":1,"34":1,"35":0,"36":6},"f":{"0":2,"1":3,"2":1,"3":1},"b":{"0":[1,1],"1":[1,2],"2":[1,1],"3":[0,1],"4":[0,1]},"_coverageSchema":"1a1c01bbd47fc00a2c39e90264f33305004495a9","hash":"209ef097ea4e3202edba651ee34c66071178a338"}
,"D:\\repositories\\@Hacktiv8\\p2\\IP-RMT59\\server\\controllers\\CourseController.js": {"path":"D:\\repositories\\@Hacktiv8\\p2\\IP-RMT59\\server\\controllers\\CourseController.js","statementMap":{"0":{"start":{"line":1,"column":19},"end":{"line":1,"column":45}},"1":{"start":{"line":4,"column":8},"end":{"line":21,"column":9}},"2":{"start":{"line":5,"column":27},"end":{"line":5,"column":63}},"3":{"start":{"line":7,"column":12},"end":{"line":12,"column":13}},"4":{"start":{"line":8,"column":16},"end":{"line":11,"column":17}},"5":{"start":{"line":14,"column":12},"end":{"line":17,"column":14}},"6":{"start":{"line":20,"column":12},"end":{"line":20,"column":24}},"7":{"start":{"line":24,"column":8},"end":{"line":32,"column":9}},"8":{"start":{"line":25,"column":28},"end":{"line":25,"column":50}},"9":{"start":{"line":26,"column":12},"end":{"line":29,"column":14}},"10":{"start":{"line":31,"column":12},"end":{"line":31,"column":24}},"11":{"start":{"line":36,"column":0},"end":{"line":36,"column":33}}},"fnMap":{"0":{"name":"(anonymous_0)","decl":{"start":{"line":3,"column":4},"end":{"line":3,"column":5}},"loc":{"start":{"line":3,"column":38},"end":{"line":22,"column":5}},"line":3},"1":{"name":"(anonymous_1)","decl":{"start":{"line":23,"column":4},"end":{"line":23,"column":5}},"loc":{"start":{"line":23,"column":39},"end":{"line":33,"column":5}},"line":23}},"branchMap":{"0":{"loc":{"start":{"line":7,"column":12},"end":{"line":12,"column":13}},"type":"if","locations":[{"start":{"line":7,"column":12},"end":{"line":12,"column":13}},{"start":{},"end":{}}],"line":7}},"s":{"0":6,"1":2,"2":2,"3":2,"4":1,"5":1,"6":1,"7":1,"8":1,"9":1,"10":0,"11":6},"f":{"0":2,"1":1},"b":{"0":[1,1]},"_coverageSchema":"1a1c01bbd47fc00a2c39e90264f33305004495a9","hash":"cf62e065453062d8c8e6e388973c8b8573c5752a"}
,"D:\\repositories\\@Hacktiv8\\p2\\IP-RMT59\\server\\controllers\\MaterialController.js": {"path":"D:\\repositories\\@Hacktiv8\\p2\\IP-RMT59\\server\\controllers\\MaterialController.js","statementMap":{"0":{"start":{"line":1,"column":21},"end":{"line":1,"column":47}},"1":{"start":{"line":5,"column":12},"end":{"line":20,"column":13}},"2":{"start":{"line":7,"column":34},"end":{"line":11,"column":18}},"3":{"start":{"line":13,"column":16},"end":{"line":16,"column":19}},"4":{"start":{"line":19,"column":16},"end":{"line":19,"column":28}},"5":{"start":{"line":25,"column":0},"end":{"line":25,"column":36}}},"fnMap":{"0":{"name":"(anonymous_0)","decl":{"start":{"line":3,"column":4},"end":{"line":3,"column":5}},"loc":{"start":{"line":3,"column":39},"end":{"line":22,"column":5}},"line":3}},"branchMap":{},"s":{"0":6,"1":1,"2":1,"3":1,"4":0,"5":6},"f":{"0":1},"b":{},"_coverageSchema":"1a1c01bbd47fc00a2c39e90264f33305004495a9","hash":"b52e3a938526ab5a1cc2a1991fb06fe02f1809ba"}
,"D:\\repositories\\@Hacktiv8\\p2\\IP-RMT59\\server\\controllers\\UserController.js": {"path":"D:\\repositories\\@Hacktiv8\\p2\\IP-RMT59\\server\\controllers\\UserController.js","statementMap":{"0":{"start":{"line":1,"column":17},"end":{"line":1,"column":43}},"1":{"start":{"line":2,"column":45},"end":{"line":2,"column":73}},"2":{"start":{"line":3,"column":35},"end":{"line":3,"column":60}},"3":{"start":{"line":4,"column":19},"end":{"line":4,"column":42}},"4":{"start":{"line":5,"column":20},"end":{"line":5,"column":53}},"5":{"start":{"line":6,"column":25},"end":{"line":6,"column":55}},"6":{"start":{"line":7,"column":32},"end":{"line":7,"column":77}},"7":{"start":{"line":11,"column":8},"end":{"line":69,"column":9}},"8":{"start":{"line":12,"column":40},"end":{"line":12,"column":48}},"9":{"start":{"line":13,"column":12},"end":{"line":18,"column":13}},"10":{"start":{"line":14,"column":16},"end":{"line":17,"column":17}},"11":{"start":{"line":20,"column":12},"end":{"line":25,"column":13}},"12":{"start":{"line":21,"column":16},"end":{"line":24,"column":17}},"13":{"start":{"line":27,"column":25},"end":{"line":31,"column":14}},"14":{"start":{"line":33,"column":12},"end":{"line":38,"column":13}},"15":{"start":{"line":34,"column":16},"end":{"line":37,"column":17}},"16":{"start":{"line":40,"column":36},"end":{"line":40,"column":82}},"17":{"start":{"line":41,"column":12},"end":{"line":46,"column":13}},"18":{"start":{"line":42,"column":16},"end":{"line":45,"column":17}},"19":{"start":{"line":48,"column":12},"end":{"line":53,"column":13}},"20":{"start":{"line":49,"column":16},"end":{"line":52,"column":17}},"21":{"start":{"line":55,"column":27},"end":{"line":55,"column":31}},"22":{"start":{"line":56,"column":32},"end":{"line":58,"column":14}},"23":{"start":{"line":60,"column":12},"end":{"line":66,"column":14}},"24":{"start":{"line":68,"column":12},"end":{"line":68,"column":23}},"25":{"start":{"line":73,"column":8},"end":{"line":116,"column":9}},"26":{"start":{"line":74,"column":40},"end":{"line":74,"column":48}},"27":{"start":{"line":75,"column":12},"end":{"line":80,"column":13}},"28":{"start":{"line":76,"column":16},"end":{"line":79,"column":17}},"29":{"start":{"line":82,"column":12},"end":{"line":87,"column":13}},"30":{"start":{"line":83,"column":16},"end":{"line":86,"column":17}},"31":{"start":{"line":89,"column":28},"end":{"line":93,"column":14}},"32":{"start":{"line":96,"column":38},"end":{"line":96,"column":73}},"33":{"start":{"line":97,"column":37},"end":{"line":97,"column":102}},"34":{"start":{"line":100,"column":12},"end":{"line":105,"column":15}},"35":{"start":{"line":108,"column":12},"end":{"line":108,"column":46}},"36":{"start":{"line":110,"column":12},"end":{"line":113,"column":14}},"37":{"start":{"line":115,"column":12},"end":{"line":115,"column":23}},"38":{"start":{"line":120,"column":8},"end":{"line":136,"column":9}},"39":{"start":{"line":121,"column":30},"end":{"line":121,"column":39}},"40":{"start":{"line":122,"column":12},"end":{"line":122,"column":83}},"41":{"start":{"line":122,"column":24},"end":{"line":122,"column":83}},"42":{"start":{"line":123,"column":28},"end":{"line":123,"column":46}},"43":{"start":{"line":124,"column":25},"end":{"line":124,"column":56}},"44":{"start":{"line":126,"column":12},"end":{"line":126,"column":77}},"45":{"start":{"line":126,"column":23},"end":{"line":126,"column":77}},"46":{"start":{"line":127,"column":12},"end":{"line":127,"column":105}},"47":{"start":{"line":127,"column":38},"end":{"line":127,"column":105}},"48":{"start":{"line":129,"column":12},"end":{"line":132,"column":14}},"49":{"start":{"line":133,"column":12},"end":{"line":133,"column":79}},"50":{"start":{"line":135,"column":12},"end":{"line":135,"column":24}},"51":{"start":{"line":140,"column":8},"end":{"line":191,"column":9}},"52":{"start":{"line":141,"column":36},"end":{"line":141,"column":44}},"53":{"start":{"line":143,"column":12},"end":{"line":148,"column":13}},"54":{"start":{"line":144,"column":16},"end":{"line":147,"column":17}},"55":{"start":{"line":150,"column":27},"end":{"line":150,"column":45}},"56":{"start":{"line":151,"column":27},"end":{"line":154,"column":14}},"57":{"start":{"line":155,"column":28},"end":{"line":155,"column":47}},"58":{"start":{"line":157,"column":36},"end":{"line":165,"column":14}},"59":{"start":{"line":169,"column":12},"end":{"line":174,"column":13}},"60":{"start":{"line":170,"column":16},"end":{"line":173,"column":18}},"61":{"start":{"line":176,"column":32},"end":{"line":180,"column":14}},"62":{"start":{"line":182,"column":12},"end":{"line":188,"column":14}},"63":{"start":{"line":190,"column":12},"end":{"line":190,"column":23}},"64":{"start":{"line":196,"column":0},"end":{"line":196,"column":31}}},"fnMap":{"0":{"name":"(anonymous_0)","decl":{"start":{"line":10,"column":4},"end":{"line":10,"column":5}},"loc":{"start":{"line":10,"column":39},"end":{"line":70,"column":5}},"line":10},"1":{"name":"(anonymous_1)","decl":{"start":{"line":72,"column":4},"end":{"line":72,"column":5}},"loc":{"start":{"line":72,"column":42},"end":{"line":117,"column":5}},"line":72},"2":{"name":"(anonymous_2)","decl":{"start":{"line":119,"column":4},"end":{"line":119,"column":5}},"loc":{"start":{"line":119,"column":45},"end":{"line":137,"column":5}},"line":119},"3":{"name":"(anonymous_3)","decl":{"start":{"line":139,"column":4},"end":{"line":139,"column":5}},"loc":{"start":{"line":139,"column":45},"end":{"line":192,"column":5}},"line":139}},"branchMap":{"0":{"loc":{"start":{"line":13,"column":12},"end":{"line":18,"column":13}},"type":"if","locations":[{"start":{"line":13,"column":12},"end":{"line":18,"column":13}},{"start":{},"end":{}}],"line":13},"1":{"loc":{"start":{"line":20,"column":12},"end":{"line":25,"column":13}},"type":"if","locations":[{"start":{"line":20,"column":12},"end":{"line":25,"column":13}},{"start":{},"end":{}}],"line":20},"2":{"loc":{"start":{"line":33,"column":12},"end":{"line":38,"column":13}},"type":"if","locations":[{"start":{"line":33,"column":12},"end":{"line":38,"column":13}},{"start":{},"end":{}}],"line":33},"3":{"loc":{"start":{"line":41,"column":12},"end":{"line":46,"column":13}},"type":"if","locations":[{"start":{"line":41,"column":12},"end":{"line":46,"column":13}},{"start":{},"end":{}}],"line":41},"4":{"loc":{"start":{"line":48,"column":12},"end":{"line":53,"column":13}},"type":"if","locations":[{"start":{"line":48,"column":12},"end":{"line":53,"column":13}},{"start":{},"end":{}}],"line":48},"5":{"loc":{"start":{"line":75,"column":12},"end":{"line":80,"column":13}},"type":"if","locations":[{"start":{"line":75,"column":12},"end":{"line":80,"column":13}},{"start":{},"end":{}}],"line":75},"6":{"loc":{"start":{"line":82,"column":12},"end":{"line":87,"column":13}},"type":"if","locations":[{"start":{"line":82,"column":12},"end":{"line":87,"column":13}},{"start":{},"end":{}}],"line":82},"7":{"loc":{"start":{"line":122,"column":12},"end":{"line":122,"column":83}},"type":"if","locations":[{"start":{"line":122,"column":12},"end":{"line":122,"column":83}},{"start":{},"end":{}}],"line":122},"8":{"loc":{"start":{"line":126,"column":12},"end":{"line":126,"column":77}},"type":"if","locations":[{"start":{"line":126,"column":12},"end":{"line":126,"column":77}},{"start":{},"end":{}}],"line":126},"9":{"loc":{"start":{"line":127,"column":12},"end":{"line":127,"column":105}},"type":"if","locations":[{"start":{"line":127,"column":12},"end":{"line":127,"column":105}},{"start":{},"end":{}}],"line":127},"10":{"loc":{"start":{"line":143,"column":12},"end":{"line":148,"column":13}},"type":"if","locations":[{"start":{"line":143,"column":12},"end":{"line":148,"column":13}},{"start":{},"end":{}}],"line":143},"11":{"loc":{"start":{"line":169,"column":12},"end":{"line":174,"column":13}},"type":"if","locations":[{"start":{"line":169,"column":12},"end":{"line":174,"column":13}},{"start":{},"end":{}}],"line":169}},"s":{"0":6,"1":6,"2":6,"3":6,"4":6,"5":6,"6":6,"7":5,"8":5,"9":5,"10":1,"11":4,"12":1,"13":3,"14":3,"15":2,"16":1,"17":1,"18":0,"19":1,"20":0,"21":1,"22":1,"23":1,"24":4,"25":3,"26":3,"27":3,"28":1,"29":2,"30":1,"31":1,"32":1,"33":1,"34":1,"35":1,"36":1,"37":2,"38":3,"39":3,"40":3,"41":1,"42":2,"43":1,"44":1,"45":0,"46":1,"47":0,"48":1,"49":1,"50":2,"51":2,"52":2,"53":2,"54":1,"55":1,"56":1,"57":1,"58":1,"59":1,"60":0,"61":1,"62":1,"63":1,"64":6},"f":{"0":5,"1":3,"2":3,"3":2},"b":{"0":[1,4],"1":[1,3],"2":[2,1],"3":[0,1],"4":[0,1],"5":[1,2],"6":[1,1],"7":[1,2],"8":[0,1],"9":[0,1],"10":[1,1],"11":[0,1]},"_coverageSchema":"1a1c01bbd47fc00a2c39e90264f33305004495a9","hash":"f90771fcea6af55a7988ec1f0259329418142680"}
,"D:\\repositories\\@Hacktiv8\\p2\\IP-RMT59\\server\\controllers\\UserCourseController.js": {"path":"D:\\repositories\\@Hacktiv8\\p2\\IP-RMT59\\server\\controllers\\UserCourseController.js","statementMap":{"0":{"start":{"line":1,"column":15},"end":{"line":1,"column":35}},"1":{"start":{"line":2,"column":37},"end":{"line":2,"column":63}},"2":{"start":{"line":7,"column":8},"end":{"line":62,"column":9}},"3":{"start":{"line":8,"column":41},"end":{"line":8,"column":49}},"4":{"start":{"line":10,"column":12},"end":{"line":15,"column":13}},"5":{"start":{"line":11,"column":16},"end":{"line":14,"column":17}},"6":{"start":{"line":17,"column":25},"end":{"line":17,"column":52}},"7":{"start":{"line":18,"column":12},"end":{"line":23,"column":13}},"8":{"start":{"line":19,"column":16},"end":{"line":22,"column":17}},"9":{"start":{"line":26,"column":12},"end":{"line":31,"column":13}},"10":{"start":{"line":27,"column":16},"end":{"line":30,"column":17}},"11":{"start":{"line":33,"column":27},"end":{"line":33,"column":58}},"12":{"start":{"line":34,"column":12},"end":{"line":39,"column":13}},"13":{"start":{"line":35,"column":16},"end":{"line":38,"column":17}},"14":{"start":{"line":42,"column":32},"end":{"line":46,"column":14}},"15":{"start":{"line":47,"column":12},"end":{"line":52,"column":13}},"16":{"start":{"line":48,"column":16},"end":{"line":51,"column":17}},"17":{"start":{"line":54,"column":31},"end":{"line":58,"column":14}},"18":{"start":{"line":59,"column":12},"end":{"line":59,"column":40}},"19":{"start":{"line":61,"column":12},"end":{"line":61,"column":23}},"20":{"start":{"line":67,"column":8},"end":{"line":122,"column":9}},"21":{"start":{"line":68,"column":34},"end":{"line":68,"column":45}},"22":{"start":{"line":69,"column":41},"end":{"line":69,"column":49}},"23":{"start":{"line":71,"column":12},"end":{"line":76,"column":13}},"24":{"start":{"line":72,"column":16},"end":{"line":75,"column":17}},"25":{"start":{"line":78,"column":25},"end":{"line":78,"column":52}},"26":{"start":{"line":79,"column":12},"end":{"line":84,"column":13}},"27":{"start":{"line":80,"column":16},"end":{"line":83,"column":17}},"28":{"start":{"line":86,"column":27},"end":{"line":86,"column":58}},"29":{"start":{"line":87,"column":12},"end":{"line":92,"column":13}},"30":{"start":{"line":88,"column":16},"end":{"line":91,"column":17}},"31":{"start":{"line":94,"column":32},"end":{"line":98,"column":14}},"32":{"start":{"line":99,"column":12},"end":{"line":104,"column":13}},"33":{"start":{"line":100,"column":16},"end":{"line":103,"column":17}},"34":{"start":{"line":107,"column":12},"end":{"line":112,"column":13}},"35":{"start":{"line":108,"column":16},"end":{"line":111,"column":17}},"36":{"start":{"line":114,"column":12},"end":{"line":118,"column":15}},"37":{"start":{"line":119,"column":12},"end":{"line":119,"column":87}},"38":{"start":{"line":121,"column":12},"end":{"line":121,"column":24}},"39":{"start":{"line":126,"column":8},"end":{"line":142,"column":9}},"40":{"start":{"line":127,"column":25},"end":{"line":127,"column":33}},"41":{"start":{"line":128,"column":26},"end":{"line":135,"column":13}},"42":{"start":{"line":136,"column":32},"end":{"line":138,"column":13}},"43":{"start":{"line":139,"column":12},"end":{"line":139,"column":49}},"44":{"start":{"line":141,"column":12},"end":{"line":141,"column":24}},"45":{"start":{"line":147,"column":8},"end":{"line":191,"column":9}},"46":{"start":{"line":148,"column":41},"end":{"line":148,"column":49}},"47":{"start":{"line":150,"column":12},"end":{"line":155,"column":13}},"48":{"start":{"line":151,"column":16},"end":{"line":154,"column":17}},"49":{"start":{"line":157,"column":12},"end":{"line":162,"column":13}},"50":{"start":{"line":158,"column":16},"end":{"line":161,"column":17}},"51":{"start":{"line":164,"column":31},"end":{"line":168,"column":14}},"52":{"start":{"line":170,"column":12},"end":{"line":175,"column":13}},"53":{"start":{"line":171,"column":16},"end":{"line":174,"column":17}},"54":{"start":{"line":178,"column":12},"end":{"line":188,"column":13}},"55":{"start":{"line":179,"column":16},"end":{"line":181,"column":19}},"56":{"start":{"line":182,"column":16},"end":{"line":182,"column":73}},"57":{"start":{"line":184,"column":16},"end":{"line":186,"column":19}},"58":{"start":{"line":187,"column":16},"end":{"line":187,"column":77}},"59":{"start":{"line":190,"column":12},"end":{"line":190,"column":24}},"60":{"start":{"line":195,"column":0},"end":{"line":195,"column":38}}},"fnMap":{"0":{"name":"(anonymous_0)","decl":{"start":{"line":6,"column":4},"end":{"line":6,"column":5}},"loc":{"start":{"line":6,"column":39},"end":{"line":63,"column":5}},"line":6},"1":{"name":"(anonymous_1)","decl":{"start":{"line":66,"column":4},"end":{"line":66,"column":5}},"loc":{"start":{"line":66,"column":40},"end":{"line":123,"column":5}},"line":66},"2":{"name":"(anonymous_2)","decl":{"start":{"line":125,"column":4},"end":{"line":125,"column":5}},"loc":{"start":{"line":125,"column":39},"end":{"line":143,"column":5}},"line":125},"3":{"name":"(anonymous_3)","decl":{"start":{"line":146,"column":4},"end":{"line":146,"column":5}},"loc":{"start":{"line":146,"column":48},"end":{"line":192,"column":5}},"line":146}},"branchMap":{"0":{"loc":{"start":{"line":10,"column":12},"end":{"line":15,"column":13}},"type":"if","locations":[{"start":{"line":10,"column":12},"end":{"line":15,"column":13}},{"start":{},"end":{}}],"line":10},"1":{"loc":{"start":{"line":18,"column":12},"end":{"line":23,"column":13}},"type":"if","locations":[{"start":{"line":18,"column":12},"end":{"line":23,"column":13}},{"start":{},"end":{}}],"line":18},"2":{"loc":{"start":{"line":26,"column":12},"end":{"line":31,"column":13}},"type":"if","locations":[{"start":{"line":26,"column":12},"end":{"line":31,"column":13}},{"start":{},"end":{}}],"line":26},"3":{"loc":{"start":{"line":34,"column":12},"end":{"line":39,"column":13}},"type":"if","locations":[{"start":{"line":34,"column":12},"end":{"line":39,"column":13}},{"start":{},"end":{}}],"line":34},"4":{"loc":{"start":{"line":47,"column":12},"end":{"line":52,"column":13}},"type":"if","locations":[{"start":{"line":47,"column":12},"end":{"line":52,"column":13}},{"start":{},"end":{}}],"line":47},"5":{"loc":{"start":{"line":71,"column":12},"end":{"line":76,"column":13}},"type":"if","locations":[{"start":{"line":71,"column":12},"end":{"line":76,"column":13}},{"start":{},"end":{}}],"line":71},"6":{"loc":{"start":{"line":79,"column":12},"end":{"line":84,"column":13}},"type":"if","locations":[{"start":{"line":79,"column":12},"end":{"line":84,"column":13}},{"start":{},"end":{}}],"line":79},"7":{"loc":{"start":{"line":87,"column":12},"end":{"line":92,"column":13}},"type":"if","locations":[{"start":{"line":87,"column":12},"end":{"line":92,"column":13}},{"start":{},"end":{}}],"line":87},"8":{"loc":{"start":{"line":99,"column":12},"end":{"line":104,"column":13}},"type":"if","locations":[{"start":{"line":99,"column":12},"end":{"line":104,"column":13}},{"start":{},"end":{}}],"line":99},"9":{"loc":{"start":{"line":107,"column":12},"end":{"line":112,"column":13}},"type":"if","locations":[{"start":{"line":107,"column":12},"end":{"line":112,"column":13}},{"start":{},"end":{}}],"line":107},"10":{"loc":{"start":{"line":150,"column":12},"end":{"line":155,"column":13}},"type":"if","locations":[{"start":{"line":150,"column":12},"end":{"line":155,"column":13}},{"start":{},"end":{}}],"line":150},"11":{"loc":{"start":{"line":157,"column":12},"end":{"line":162,"column":13}},"type":"if","locations":[{"start":{"line":157,"column":12},"end":{"line":162,"column":13}},{"start":{},"end":{}}],"line":157},"12":{"loc":{"start":{"line":170,"column":12},"end":{"line":175,"column":13}},"type":"if","locations":[{"start":{"line":170,"column":12},"end":{"line":175,"column":13}},{"start":{},"end":{}}],"line":170},"13":{"loc":{"start":{"line":178,"column":12},"end":{"line":188,"column":13}},"type":"if","locations":[{"start":{"line":178,"column":12},"end":{"line":188,"column":13}},{"start":{"line":183,"column":19},"end":{"line":188,"column":13}}],"line":178}},"s":{"0":6,"1":6,"2":7,"3":7,"4":7,"5":2,"6":5,"7":5,"8":1,"9":4,"10":1,"11":3,"12":3,"13":1,"14":2,"15":2,"16":1,"17":1,"18":1,"19":6,"20":7,"21":7,"22":7,"23":7,"24":2,"25":5,"26":5,"27":1,"28":4,"29":4,"30":1,"31":3,"32":3,"33":1,"34":2,"35":1,"36":1,"37":1,"38":6,"39":1,"40":1,"41":1,"42":1,"43":1,"44":0,"45":5,"46":5,"47":5,"48":1,"49":4,"50":1,"51":3,"52":3,"53":1,"54":2,"55":1,"56":1,"57":1,"58":1,"59":3,"60":6},"f":{"0":7,"1":7,"2":1,"3":5},"b":{"0":[2,5],"1":[1,4],"2":[1,3],"3":[1,2],"4":[1,1],"5":[2,5],"6":[1,4],"7":[1,3],"8":[1,2],"9":[1,1],"10":[1,4],"11":[1,3],"12":[1,2],"13":[1,1]},"_coverageSchema":"1a1c01bbd47fc00a2c39e90264f33305004495a9","hash":"44e34d7183209654082c3dcf270544240adcdf88"}
,"D:\\repositories\\@Hacktiv8\\p2\\IP-RMT59\\server\\helpers\\bcrypt.js": {"path":"D:\\repositories\\@Hacktiv8\\p2\\IP-RMT59\\server\\helpers\\bcrypt.js","statementMap":{"0":{"start":{"line":1,"column":15},"end":{"line":1,"column":34}},"1":{"start":{"line":4,"column":17},"end":{"line":4,"column":41}},"2":{"start":{"line":5,"column":17},"end":{"line":5,"column":55}},"3":{"start":{"line":6,"column":4},"end":{"line":6,"column":16}},"4":{"start":{"line":10,"column":20},"end":{"line":10,"column":71}},"5":{"start":{"line":11,"column":4},"end":{"line":11,"column":18}},"6":{"start":{"line":14,"column":0},"end":{"line":17,"column":1}}},"fnMap":{"0":{"name":"hashingPassword","decl":{"start":{"line":3,"column":15},"end":{"line":3,"column":30}},"loc":{"start":{"line":3,"column":46},"end":{"line":7,"column":1}},"line":3},"1":{"name":"comparePassword","decl":{"start":{"line":9,"column":15},"end":{"line":9,"column":30}},"loc":{"start":{"line":9,"column":62},"end":{"line":12,"column":1}},"line":9}},"branchMap":{},"s":{"0":6,"1":12,"2":12,"3":12,"4":1,"5":1,"6":6},"f":{"0":12,"1":1},"b":{},"_coverageSchema":"1a1c01bbd47fc00a2c39e90264f33305004495a9","hash":"236f1f3ab338d6d9c8918393f902d239044c8943"}
,"D:\\repositories\\@Hacktiv8\\p2\\IP-RMT59\\server\\helpers\\emailHelper.js": {"path":"D:\\repositories\\@Hacktiv8\\p2\\IP-RMT59\\server\\helpers\\emailHelper.js","statementMap":{"0":{"start":{"line":1,"column":19},"end":{"line":1,"column":40}},"1":{"start":{"line":11,"column":20},"end":{"line":20,"column":2}},"2":{"start":{"line":23,"column":2},"end":{"line":68,"column":1}},"3":{"start":{"line":72,"column":0},"end":{"line":72,"column":51}}},"fnMap":{"0":{"name":"emailPageTemplate","decl":{"start":{"line":22,"column":9},"end":{"line":22,"column":26}},"loc":{"start":{"line":22,"column":45},"end":{"line":69,"column":1}},"line":22}},"branchMap":{},"s":{"0":6,"1":6,"2":1,"3":6},"f":{"0":1},"b":{},"_coverageSchema":"1a1c01bbd47fc00a2c39e90264f33305004495a9","hash":"8af70e41c676bfba2b8abfb431678a51cae2139b"}
,"D:\\repositories\\@Hacktiv8\\p2\\IP-RMT59\\server\\helpers\\jwt.js": {"path":"D:\\repositories\\@Hacktiv8\\p2\\IP-RMT59\\server\\helpers\\jwt.js","statementMap":{"0":{"start":{"line":1,"column":12},"end":{"line":1,"column":35}},"1":{"start":{"line":2,"column":15},"end":{"line":2,"column":37}},"2":{"start":{"line":5,"column":4},"end":{"line":9,"column":5}},"3":{"start":{"line":6,"column":8},"end":{"line":6,"column":66}},"4":{"start":{"line":8,"column":8},"end":{"line":8,"column":40}},"5":{"start":{"line":13,"column":4},"end":{"line":13,"column":36}},"6":{"start":{"line":16,"column":0},"end":{"line":19,"column":1}}},"fnMap":{"0":{"name":"signToken","decl":{"start":{"line":4,"column":9},"end":{"line":4,"column":18}},"loc":{"start":{"line":4,"column":39},"end":{"line":10,"column":1}},"line":4},"1":{"name":"verifyToken","decl":{"start":{"line":12,"column":9},"end":{"line":12,"column":20}},"loc":{"start":{"line":12,"column":28},"end":{"line":14,"column":1}},"line":12}},"branchMap":{"0":{"loc":{"start":{"line":5,"column":4},"end":{"line":9,"column":5}},"type":"if","locations":[{"start":{"line":5,"column":4},"end":{"line":9,"column":5}},{"start":{"line":7,"column":11},"end":{"line":9,"column":5}}],"line":5}},"s":{"0":7,"1":7,"2":9,"3":2,"4":7,"5":33,"6":7},"f":{"0":9,"1":33},"b":{"0":[2,7]},"_coverageSchema":"1a1c01bbd47fc00a2c39e90264f33305004495a9","hash":"db5df2336864ad5859b8e7b00e61a814c1439238"}
,"D:\\repositories\\@Hacktiv8\\p2\\IP-RMT59\\server\\helpers\\randomPasswordGenerator.js": {"path":"D:\\repositories\\@Hacktiv8\\p2\\IP-RMT59\\server\\helpers\\randomPasswordGenerator.js","statementMap":{"0":{"start":{"line":2,"column":23},"end":{"line":2,"column":111}},"1":{"start":{"line":3,"column":19},"end":{"line":3,"column":21}},"2":{"start":{"line":4,"column":4},"end":{"line":7,"column":5}},"3":{"start":{"line":4,"column":17},"end":{"line":4,"column":18}},"4":{"start":{"line":5,"column":28},"end":{"line":5,"column":73}},"5":{"start":{"line":6,"column":8},"end":{"line":6,"column":51}},"6":{"start":{"line":8,"column":4},"end":{"line":8,"column":20}},"7":{"start":{"line":11,"column":0},"end":{"line":11,"column":41}}},"fnMap":{"0":{"name":"randomPasswordGenerator","decl":{"start":{"line":1,"column":9},"end":{"line":1,"column":32}},"loc":{"start":{"line":1,"column":46},"end":{"line":9,"column":1}},"line":1}},"branchMap":{"0":{"loc":{"start":{"line":1,"column":33},"end":{"line":1,"column":44}},"type":"default-arg","locations":[{"start":{"line":1,"column":42},"end":{"line":1,"column":44}}],"line":1}},"s":{"0":4,"1":4,"2":4,"3":4,"4":52,"5":52,"6":4,"7":7},"f":{"0":4},"b":{"0":[3]},"_coverageSchema":"1a1c01bbd47fc00a2c39e90264f33305004495a9","hash":"46a376a295bb668547a959607c8e6b3642b97fbe"}
,"D:\\repositories\\@Hacktiv8\\p2\\IP-RMT59\\server\\middleware\\authentication.js": {"path":"D:\\repositories\\@Hacktiv8\\p2\\IP-RMT59\\server\\middleware\\authentication.js","statementMap":{"0":{"start":{"line":1,"column":24},"end":{"line":1,"column":49}},"1":{"start":{"line":3,"column":4},"end":{"line":25,"column":5}},"2":{"start":{"line":4,"column":8},"end":{"line":9,"column":9}},"3":{"start":{"line":5,"column":12},"end":{"line":8,"column":13}},"4":{"start":{"line":11,"column":37},"end":{"line":11,"column":62}},"5":{"start":{"line":12,"column":30},"end":{"line":12,"column":61}},"6":{"start":{"line":14,"column":8},"end":{"line":19,"column":9}},"7":{"start":{"line":15,"column":12},"end":{"line":18,"column":13}},"8":{"start":{"line":20,"column":24},"end":{"line":20,"column":42}},"9":{"start":{"line":21,"column":8},"end":{"line":21,"column":26}},"10":{"start":{"line":22,"column":8},"end":{"line":22,"column":14}},"11":{"start":{"line":24,"column":8},"end":{"line":24,"column":19}},"12":{"start":{"line":28,"column":0},"end":{"line":28,"column":31}}},"fnMap":{"0":{"name":"authentication","decl":{"start":{"line":2,"column":9},"end":{"line":2,"column":23}},"loc":{"start":{"line":2,"column":40},"end":{"line":26,"column":1}},"line":2}},"branchMap":{"0":{"loc":{"start":{"line":4,"column":8},"end":{"line":9,"column":9}},"type":"if","locations":[{"start":{"line":4,"column":8},"end":{"line":9,"column":9}},{"start":{},"end":{}}],"line":4},"1":{"loc":{"start":{"line":14,"column":8},"end":{"line":19,"column":9}},"type":"if","locations":[{"start":{"line":14,"column":8},"end":{"line":19,"column":9}},{"start":{},"end":{}}],"line":14},"2":{"loc":{"start":{"line":14,"column":12},"end":{"line":14,"column":52}},"type":"binary-expr","locations":[{"start":{"line":14,"column":12},"end":{"line":14,"column":29}},{"start":{"line":14,"column":33},"end":{"line":14,"column":52}}],"line":14}},"s":{"0":7,"1":36,"2":36,"3":1,"4":35,"5":35,"6":35,"7":2,"8":33,"9":32,"10":32,"11":4,"12":7},"f":{"0":36},"b":{"0":[1,35],"1":[2,33],"2":[35,34]},"_coverageSchema":"1a1c01bbd47fc00a2c39e90264f33305004495a9","hash":"f6633e2368f197d7e950a32659eeaff12a1398d9"}
,"D:\\repositories\\@Hacktiv8\\p2\\IP-RMT59\\server\\middleware\\authorization.js": {"path":"D:\\repositories\\@Hacktiv8\\p2\\IP-RMT59\\server\\middleware\\authorization.js","statementMap":{"0":{"start":{"line":1,"column":17},"end":{"line":1,"column":43}},"1":{"start":{"line":3,"column":4},"end":{"line":34,"column":5}},"2":{"start":{"line":4,"column":8},"end":{"line":33,"column":9}},"3":{"start":{"line":5,"column":25},"end":{"line":5,"column":33}},"4":{"start":{"line":6,"column":12},"end":{"line":11,"column":13}},"5":{"start":{"line":7,"column":16},"end":{"line":10,"column":17}},"6":{"start":{"line":13,"column":12},"end":{"line":28,"column":13}},"7":{"start":{"line":14,"column":29},"end":{"line":14,"column":63}},"8":{"start":{"line":15,"column":16},"end":{"line":20,"column":17}},"9":{"start":{"line":16,"column":20},"end":{"line":19,"column":21}},"10":{"start":{"line":22,"column":16},"end":{"line":27,"column":17}},"11":{"start":{"line":23,"column":20},"end":{"line":26,"column":21}},"12":{"start":{"line":30,"column":12},"end":{"line":30,"column":18}},"13":{"start":{"line":32,"column":12},"end":{"line":32,"column":23}},"14":{"start":{"line":37,"column":0},"end":{"line":37,"column":30}}},"fnMap":{"0":{"name":"authorization","decl":{"start":{"line":2,"column":9},"end":{"line":2,"column":22}},"loc":{"start":{"line":2,"column":30},"end":{"line":35,"column":1}},"line":2},"1":{"name":"(anonymous_1)","decl":{"start":{"line":3,"column":11},"end":{"line":3,"column":12}},"loc":{"start":{"line":3,"column":37},"end":{"line":34,"column":5}},"line":3}},"branchMap":{"0":{"loc":{"start":{"line":6,"column":12},"end":{"line":11,"column":13}},"type":"if","locations":[{"start":{"line":6,"column":12},"end":{"line":11,"column":13}},{"start":{},"end":{}}],"line":6},"1":{"loc":{"start":{"line":13,"column":12},"end":{"line":28,"column":13}},"type":"if","locations":[{"start":{"line":13,"column":12},"end":{"line":28,"column":13}},{"start":{},"end":{}}],"line":13},"2":{"loc":{"start":{"line":15,"column":16},"end":{"line":20,"column":17}},"type":"if","locations":[{"start":{"line":15,"column":16},"end":{"line":20,"column":17}},{"start":{},"end":{}}],"line":15},"3":{"loc":{"start":{"line":22,"column":16},"end":{"line":27,"column":17}},"type":"if","locations":[{"start":{"line":22,"column":16},"end":{"line":27,"column":17}},{"start":{},"end":{}}],"line":22}},"s":{"0":7,"1":5,"2":5,"3":5,"4":5,"5":1,"6":4,"7":3,"8":3,"9":1,"10":2,"11":1,"12":2,"13":3,"14":7},"f":{"0":5,"1":5},"b":{"0":[1,4],"1":[3,1],"2":[1,2],"3":[1,1]},"_coverageSchema":"1a1c01bbd47fc00a2c39e90264f33305004495a9","hash":"b8f02dc1fb98f4b57421646df8f6fa987258623d"}
,"D:\\repositories\\@Hacktiv8\\p2\\IP-RMT59\\server\\middleware\\errorHandler.js": {"path":"D:\\repositories\\@Hacktiv8\\p2\\IP-RMT59\\server\\middleware\\errorHandler.js","statementMap":{"0":{"start":{"line":2,"column":4},"end":{"line":44,"column":5}},"1":{"start":{"line":4,"column":12},"end":{"line":6,"column":14}},"2":{"start":{"line":8,"column":12},"end":{"line":10,"column":14}},"3":{"start":{"line":12,"column":12},"end":{"line":14,"column":14}},"4":{"start":{"line":16,"column":12},"end":{"line":18,"column":14}},"5":{"start":{"line":20,"column":12},"end":{"line":22,"column":14}},"6":{"start":{"line":24,"column":12},"end":{"line":26,"column":14}},"7":{"start":{"line":28,"column":12},"end":{"line":30,"column":14}},"8":{"start":{"line":32,"column":12},"end":{"line":34,"column":14}},"9":{"start":{"line":36,"column":12},"end":{"line":38,"column":14}},"10":{"start":{"line":40,"column":12},"end":{"line":42,"column":14}},"11":{"start":{"line":43,"column":12},"end":{"line":43,"column":17}},"12":{"start":{"line":47,"column":0},"end":{"line":47,"column":29}}},"fnMap":{"0":{"name":"errorHandler","decl":{"start":{"line":1,"column":9},"end":{"line":1,"column":21}},"loc":{"start":{"line":1,"column":43},"end":{"line":45,"column":1}},"line":1}},"branchMap":{"0":{"loc":{"start":{"line":2,"column":4},"end":{"line":44,"column":5}},"type":"switch","locations":[{"start":{"line":3,"column":8},"end":{"line":6,"column":14}},{"start":{"line":7,"column":8},"end":{"line":10,"column":14}},{"start":{"line":11,"column":8},"end":{"line":14,"column":14}},{"start":{"line":15,"column":8},"end":{"line":18,"column":14}},{"start":{"line":19,"column":8},"end":{"line":22,"column":14}},{"start":{"line":23,"column":8},"end":{"line":26,"column":14}},{"start":{"line":27,"column":8},"end":{"line":30,"column":14}},{"start":{"line":31,"column":8},"end":{"line":34,"column":14}},{"start":{"line":35,"column":8},"end":{"line":38,"column":14}},{"start":{"line":39,"column":8},"end":{"line":43,"column":17}}],"line":2}},"s":{"0":35,"1":15,"2":5,"3":2,"4":1,"5":1,"6":1,"7":7,"8":1,"9":1,"10":1,"11":1,"12":6},"f":{"0":35},"b":{"0":[15,5,2,1,1,1,7,1,1,1]},"_coverageSchema":"1a1c01bbd47fc00a2c39e90264f33305004495a9","hash":"d95963566ebbf063b7e1cea8e1cf73c1061dae6c"}
,"D:\\repositories\\@Hacktiv8\\p2\\IP-RMT59\\server\\models\\course.js": {"path":"D:\\repositories\\@Hacktiv8\\p2\\IP-RMT59\\server\\models\\course.js","statementMap":{"0":{"start":{"line":4,"column":4},"end":{"line":4,"column":24}},"1":{"start":{"line":5,"column":0},"end":{"line":26,"column":2}},"2":{"start":{"line":16,"column":2},"end":{"line":24,"column":5}},"3":{"start":{"line":25,"column":2},"end":{"line":25,"column":16}}},"fnMap":{"0":{"name":"(anonymous_0)","decl":{"start":{"line":5,"column":17},"end":{"line":5,"column":18}},"loc":{"start":{"line":5,"column":43},"end":{"line":26,"column":1}},"line":5},"1":{"name":"(anonymous_1)","decl":{"start":{"line":12,"column":4},"end":{"line":12,"column":5}},"loc":{"start":{"line":12,"column":29},"end":{"line":14,"column":5}},"line":12}},"branchMap":{},"s":{"0":6,"1":6,"2":6,"3":6},"f":{"0":6,"1":6},"b":{},"_coverageSchema":"1a1c01bbd47fc00a2c39e90264f33305004495a9","hash":"3d008ce9bfb81fcdee766ee9210c9dd1723e1907"}
,"D:\\repositories\\@Hacktiv8\\p2\\IP-RMT59\\server\\models\\index.js": {"path":"D:\\repositories\\@Hacktiv8\\p2\\IP-RMT59\\server\\models\\index.js","statementMap":{"0":{"start":{"line":3,"column":11},"end":{"line":3,"column":24}},"1":{"start":{"line":4,"column":13},"end":{"line":4,"column":28}},"2":{"start":{"line":5,"column":18},"end":{"line":5,"column":38}},"3":{"start":{"line":6,"column":16},"end":{"line":6,"column":34}},"4":{"start":{"line":7,"column":17},"end":{"line":7,"column":42}},"5":{"start":{"line":8,"column":12},"end":{"line":8,"column":49}},"6":{"start":{"line":9,"column":15},"end":{"line":9,"column":65}},"7":{"start":{"line":10,"column":11},"end":{"line":10,"column":13}},"8":{"start":{"line":13,"column":0},"end":{"line":17,"column":1}},"9":{"start":{"line":14,"column":2},"end":{"line":14,"column":74}},"10":{"start":{"line":16,"column":2},"end":{"line":16,"column":87}},"11":{"start":{"line":19,"column":0},"end":{"line":32,"column":5}},"12":{"start":{"line":22,"column":4},"end":{"line":27,"column":6}},"13":{"start":{"line":30,"column":18},"end":{"line":30,"column":85}},"14":{"start":{"line":31,"column":4},"end":{"line":31,"column":27}},"15":{"start":{"line":34,"column":0},"end":{"line":38,"column":3}},"16":{"start":{"line":35,"column":2},"end":{"line":37,"column":3}},"17":{"start":{"line":36,"column":4},"end":{"line":36,"column":32}},"18":{"start":{"line":40,"column":0},"end":{"line":40,"column":25}},"19":{"start":{"line":41,"column":0},"end":{"line":41,"column":25}},"20":{"start":{"line":43,"column":0},"end":{"line":43,"column":20}}},"fnMap":{"0":{"name":"(anonymous_0)","decl":{"start":{"line":21,"column":10},"end":{"line":21,"column":11}},"loc":{"start":{"line":21,"column":18},"end":{"line":28,"column":3}},"line":21},"1":{"name":"(anonymous_1)","decl":{"start":{"line":29,"column":11},"end":{"line":29,"column":12}},"loc":{"start":{"line":29,"column":19},"end":{"line":32,"column":3}},"line":29},"2":{"name":"(anonymous_2)","decl":{"start":{"line":34,"column":24},"end":{"line":34,"column":25}},"loc":{"start":{"line":34,"column":37},"end":{"line":38,"column":1}},"line":34}},"branchMap":{"0":{"loc":{"start":{"line":8,"column":12},"end":{"line":8,"column":49}},"type":"binary-expr","locations":[{"start":{"line":8,"column":12},"end":{"line":8,"column":32}},{"start":{"line":8,"column":36},"end":{"line":8,"column":49}}],"line":8},"1":{"loc":{"start":{"line":13,"column":0},"end":{"line":17,"column":1}},"type":"if","locations":[{"start":{"line":13,"column":0},"end":{"line":17,"column":1}},{"start":{"line":15,"column":7},"end":{"line":17,"column":1}}],"line":13},"2":{"loc":{"start":{"line":23,"column":6},"end":{"line":26,"column":37}},"type":"binary-expr","locations":[{"start":{"line":23,"column":6},"end":{"line":23,"column":29}},{"start":{"line":24,"column":6},"end":{"line":24,"column":23}},{"start":{"line":25,"column":6},"end":{"line":25,"column":30}},{"start":{"line":26,"column":6},"end":{"line":26,"column":37}}],"line":23},"3":{"loc":{"start":{"line":35,"column":2},"end":{"line":37,"column":3}},"type":"if","locations":[{"start":{"line":35,"column":2},"end":{"line":37,"column":3}},{"start":{},"end":{}}],"line":35}},"s":{"0":6,"1":6,"2":6,"3":6,"4":6,"5":6,"6":6,"7":6,"8":6,"9":0,"10":6,"11":6,"12":30,"13":24,"14":24,"15":6,"16":24,"17":24,"18":6,"19":6,"20":6},"f":{"0":30,"1":24,"2":24},"b":{"0":[6,0],"1":[0,6],"2":[30,30,24,24],"3":[24,0]},"_coverageSchema":"1a1c01bbd47fc00a2c39e90264f33305004495a9","hash":"9b228f725e2f1a2bd161127f95cfa028d2d722a2"}
,"D:\\repositories\\@Hacktiv8\\p2\\IP-RMT59\\server\\models\\material.js": {"path":"D:\\repositories\\@Hacktiv8\\p2\\IP-RMT59\\server\\models\\material.js","statementMap":{"0":{"start":{"line":4,"column":4},"end":{"line":4,"column":24}},"1":{"start":{"line":5,"column":0},"end":{"line":28,"column":2}},"2":{"start":{"line":16,"column":2},"end":{"line":26,"column":5}},"3":{"start":{"line":27,"column":2},"end":{"line":27,"column":18}}},"fnMap":{"0":{"name":"(anonymous_0)","decl":{"start":{"line":5,"column":17},"end":{"line":5,"column":18}},"loc":{"start":{"line":5,"column":43},"end":{"line":28,"column":1}},"line":5},"1":{"name":"(anonymous_1)","decl":{"start":{"line":12,"column":4},"end":{"line":12,"column":5}},"loc":{"start":{"line":12,"column":29},"end":{"line":14,"column":5}},"line":12}},"branchMap":{},"s":{"0":6,"1":6,"2":6,"3":6},"f":{"0":6,"1":6},"b":{},"_coverageSchema":"1a1c01bbd47fc00a2c39e90264f33305004495a9","hash":"2e5c12b7ff3936dfa62b7096cfb2939e440d7d27"}
,"D:\\repositories\\@Hacktiv8\\p2\\IP-RMT59\\server\\models\\user.js": {"path":"D:\\repositories\\@Hacktiv8\\p2\\IP-RMT59\\server\\models\\user.js","statementMap":{"0":{"start":{"line":4,"column":4},"end":{"line":4,"column":24}},"1":{"start":{"line":5,"column":0},"end":{"line":63,"column":2}},"2":{"start":{"line":14,"column":6},"end":{"line":14,"column":67}},"3":{"start":{"line":17,"column":2},"end":{"line":61,"column":5}},"4":{"start":{"line":62,"column":2},"end":{"line":62,"column":14}}},"fnMap":{"0":{"name":"(anonymous_0)","decl":{"start":{"line":5,"column":17},"end":{"line":5,"column":18}},"loc":{"start":{"line":5,"column":43},"end":{"line":63,"column":1}},"line":5},"1":{"name":"(anonymous_1)","decl":{"start":{"line":12,"column":4},"end":{"line":12,"column":5}},"loc":{"start":{"line":12,"column":29},"end":{"line":15,"column":5}},"line":12}},"branchMap":{},"s":{"0":6,"1":6,"2":6,"3":6,"4":6},"f":{"0":6,"1":6},"b":{},"_coverageSchema":"1a1c01bbd47fc00a2c39e90264f33305004495a9","hash":"a8896e18daa17fb289d649d9573d92310ce7c325"}
,"D:\\repositories\\@Hacktiv8\\p2\\IP-RMT59\\server\\models\\usercourse.js": {"path":"D:\\repositories\\@Hacktiv8\\p2\\IP-RMT59\\server\\models\\usercourse.js","statementMap":{"0":{"start":{"line":4,"column":4},"end":{"line":4,"column":24}},"1":{"start":{"line":5,"column":0},"end":{"line":47,"column":2}},"2":{"start":{"line":16,"column":2},"end":{"line":45,"column":5}},"3":{"start":{"line":46,"column":2},"end":{"line":46,"column":20}}},"fnMap":{"0":{"name":"(anonymous_0)","decl":{"start":{"line":5,"column":17},"end":{"line":5,"column":18}},"loc":{"start":{"line":5,"column":43},"end":{"line":47,"column":1}},"line":5},"1":{"name":"(anonymous_1)","decl":{"start":{"line":12,"column":4},"end":{"line":12,"column":5}},"loc":{"start":{"line":12,"column":29},"end":{"line":14,"column":5}},"line":12}},"branchMap":{},"s":{"0":6,"1":6,"2":6,"3":6},"f":{"0":6,"1":6},"b":{},"_coverageSchema":"1a1c01bbd47fc00a2c39e90264f33305004495a9","hash":"ce56a6dbc1a9cd1d70d22e0432fbaf6481ea18f9"}
,"D:\\repositories\\@Hacktiv8\\p2\\IP-RMT59\\server\\routes\\api.js": {"path":"D:\\repositories\\@Hacktiv8\\p2\\IP-RMT59\\server\\routes\\api.js","statementMap":{"0":{"start":{"line":1,"column":21},"end":{"line":1,"column":59}},"1":{"start":{"line":2,"column":25},"end":{"line":2,"column":67}},"2":{"start":{"line":3,"column":27},"end":{"line":3,"column":71}},"3":{"start":{"line":4,"column":23},"end":{"line":4,"column":63}},"4":{"start":{"line":5,"column":29},"end":{"line":5,"column":75}},"5":{"start":{"line":6,"column":23},"end":{"line":6,"column":62}},"6":{"start":{"line":7,"column":22},"end":{"line":7,"column":60}},"7":{"start":{"line":9,"column":16},"end":{"line":9,"column":34}},"8":{"start":{"line":10,"column":15},"end":{"line":10,"column":31}},"9":{"start":{"line":12,"column":0},"end":{"line":16,"column":2}},"10":{"start":{"line":13,"column":4},"end":{"line":15,"column":6}},"11":{"start":{"line":18,"column":0},"end":{"line":18,"column":43}},"12":{"start":{"line":19,"column":0},"end":{"line":19,"column":56}},"13":{"start":{"line":21,"column":0},"end":{"line":21,"column":49}},"14":{"start":{"line":22,"column":0},"end":{"line":22,"column":56}},"15":{"start":{"line":24,"column":0},"end":{"line":24,"column":62}},"16":{"start":{"line":25,"column":0},"end":{"line":25,"column":65}},"17":{"start":{"line":26,"column":0},"end":{"line":26,"column":84}},"18":{"start":{"line":28,"column":0},"end":{"line":28,"column":72}},"19":{"start":{"line":29,"column":0},"end":{"line":29,"column":75}},"20":{"start":{"line":30,"column":0},"end":{"line":30,"column":71}},"21":{"start":{"line":31,"column":0},"end":{"line":31,"column":82}},"22":{"start":{"line":33,"column":0},"end":{"line":33,"column":81}},"23":{"start":{"line":34,"column":0},"end":{"line":34,"column":80}},"24":{"start":{"line":35,"column":0},"end":{"line":35,"column":87}},"25":{"start":{"line":36,"column":0},"end":{"line":36,"column":89}},"26":{"start":{"line":39,"column":0},"end":{"line":39,"column":23}}},"fnMap":{"0":{"name":"(anonymous_0)","decl":{"start":{"line":12,"column":16},"end":{"line":12,"column":17}},"loc":{"start":{"line":12,"column":30},"end":{"line":16,"column":1}},"line":12}},"branchMap":{},"s":{"0":6,"1":6,"2":6,"3":6,"4":6,"5":6,"6":6,"7":6,"8":6,"9":6,"10":0,"11":6,"12":6,"13":6,"14":6,"15":6,"16":6,"17":6,"18":6,"19":6,"20":6,"21":6,"22":6,"23":6,"24":6,"25":6,"26":6},"f":{"0":0},"b":{},"_coverageSchema":"1a1c01bbd47fc00a2c39e90264f33305004495a9","hash":"f84a62f0dadc575f921f906b7a541c684f1fd262"}
}
