TN:
SF:app.js
FNF:0
FNH:0
DA:1,5
DA:2,5
DA:5,5
DA:6,5
DA:7,5
DA:8,5
DA:10,5
DA:13,5
DA:15,5
DA:16,5
DA:18,5
DA:20,5
DA:22,5
LF:13
LH:13
BRDA:1,0,0,5
BRDA:1,0,1,0
BRF:2
BRH:1
end_of_record
TN:
SF:__test__\test_env.js
FNF:0
FNH:0
DA:1,1
DA:3,1
LF:2
LH:2
BRF:0
BRH:0
end_of_record
TN:
SF:controllers\AIController.js
FN:5,(anonymous_0)
FN:29,(anonymous_1)
FN:60,(anonymous_2)
FN:84,(anonymous_3)
FNF:4
FNH:0
FNDA:0,(anonymous_0)
FNDA:0,(anonymous_1)
FNDA:0,(anonymous_2)
FNDA:0,(anonymous_3)
DA:1,5
DA:2,5
DA:6,0
DA:7,0
DA:9,0
DA:10,0
DA:15,0
DA:20,0
DA:23,0
DA:25,0
DA:30,0
DA:31,0
DA:33,0
DA:34,0
DA:39,0
DA:44,0
DA:45,0
DA:50,0
DA:53,0
DA:55,0
DA:61,0
DA:62,0
DA:64,0
DA:65,0
DA:70,0
DA:74,0
DA:77,0
DA:79,0
DA:85,0
DA:86,0
DA:88,0
DA:89,0
DA:94,0
DA:98,0
DA:101,0
DA:103,0
DA:108,5
LF:37
LH:3
BRDA:9,0,0,0
BRDA:9,0,1,0
BRDA:33,1,0,0
BRDA:33,1,1,0
BRDA:44,2,0,0
BRDA:44,2,1,0
BRDA:64,3,0,0
BRDA:64,3,1,0
BRDA:88,4,0,0
BRDA:88,4,1,0
BRF:10
BRH:0
end_of_record
TN:
SF:controllers\CourseController.js
FN:3,(anonymous_0)
FN:23,(anonymous_1)
FNF:2
FNH:2
FNDA:2,(anonymous_0)
FNDA:1,(anonymous_1)
DA:1,5
DA:4,2
DA:5,2
DA:7,2
DA:8,1
DA:14,1
DA:20,1
DA:24,1
DA:25,1
DA:26,1
DA:31,0
DA:36,5
LF:12
LH:11
BRDA:7,0,0,1
BRDA:7,0,1,1
BRF:2
BRH:2
end_of_record
TN:
SF:controllers\MaterialController.js
FN:3,(anonymous_0)
FNF:1
FNH:1
FNDA:1,(anonymous_0)
DA:1,5
DA:5,1
DA:7,1
DA:13,1
DA:19,0
DA:25,5
LF:6
LH:5
BRF:0
BRH:0
end_of_record
TN:
SF:controllers\UserController.js
FN:10,(anonymous_0)
FN:72,(anonymous_1)
FN:119,(anonymous_2)
FN:139,(anonymous_3)
FNF:4
FNH:4
FNDA:5,(anonymous_0)
FNDA:3,(anonymous_1)
FNDA:3,(anonymous_2)
FNDA:2,(anonymous_3)
DA:1,5
DA:2,5
DA:3,5
DA:4,5
DA:5,5
DA:6,5
DA:7,5
DA:11,5
DA:12,5
DA:13,5
DA:14,1
DA:20,4
DA:21,1
DA:27,3
DA:33,3
DA:34,2
DA:40,1
DA:41,1
DA:42,0
DA:48,1
DA:49,0
DA:55,1
DA:56,1
DA:60,1
DA:68,4
DA:73,3
DA:74,3
DA:75,3
DA:76,1
DA:82,2
DA:83,1
DA:89,1
DA:96,1
DA:97,1
DA:100,1
DA:108,1
DA:110,1
DA:115,2
DA:120,3
DA:121,3
DA:122,3
DA:123,2
DA:124,1
DA:126,1
DA:127,1
DA:129,1
DA:133,1
DA:135,2
DA:140,2
DA:141,2
DA:143,2
DA:144,1
DA:150,1
DA:151,1
DA:155,1
DA:157,1
DA:169,1
DA:170,0
DA:176,1
DA:182,1
DA:190,1
DA:196,5
LF:62
LH:59
BRDA:13,0,0,1
BRDA:13,0,1,4
BRDA:20,1,0,1
BRDA:20,1,1,3
BRDA:33,2,0,2
BRDA:33,2,1,1
BRDA:41,3,0,0
BRDA:41,3,1,1
BRDA:48,4,0,0
BRDA:48,4,1,1
BRDA:75,5,0,1
BRDA:75,5,1,2
BRDA:82,6,0,1
BRDA:82,6,1,1
BRDA:122,7,0,1
BRDA:122,7,1,2
BRDA:126,8,0,0
BRDA:126,8,1,1
BRDA:127,9,0,0
BRDA:127,9,1,1
BRDA:143,10,0,1
BRDA:143,10,1,1
BRDA:169,11,0,0
BRDA:169,11,1,1
BRF:24
BRH:19
end_of_record
TN:
SF:controllers\UserCourseController.js
FN:6,(anonymous_0)
FN:66,(anonymous_1)
FN:125,(anonymous_2)
FN:146,(anonymous_3)
FNF:4
FNH:3
FNDA:3,(anonymous_0)
FNDA:1,(anonymous_1)
FNDA:1,(anonymous_2)
FNDA:0,(anonymous_3)
DA:1,5
DA:2,5
DA:7,3
DA:8,3
DA:10,3
DA:11,2
DA:17,1
DA:18,1
DA:19,0
DA:26,1
DA:27,0
DA:33,1
DA:34,1
DA:35,0
DA:42,1
DA:47,1
DA:48,0
DA:54,1
DA:59,1
DA:61,2
DA:67,1
DA:68,1
DA:69,1
DA:71,1
DA:72,1
DA:78,0
DA:79,0
DA:80,0
DA:86,0
DA:87,0
DA:88,0
DA:94,0
DA:99,0
DA:100,0
DA:107,0
DA:108,0
DA:114,0
DA:119,0
DA:121,1
DA:126,1
DA:127,1
DA:128,1
DA:136,1
DA:139,1
DA:141,0
DA:147,0
DA:148,0
DA:150,0
DA:151,0
DA:157,0
DA:158,0
DA:164,0
DA:170,0
DA:171,0
DA:178,0
DA:179,0
DA:182,0
DA:184,0
DA:187,0
DA:190,0
DA:195,5
LF:61
LH:28
BRDA:10,0,0,2
BRDA:10,0,1,1
BRDA:18,1,0,0
BRDA:18,1,1,1
BRDA:26,2,0,0
BRDA:26,2,1,1
BRDA:34,3,0,0
BRDA:34,3,1,1
BRDA:47,4,0,0
BRDA:47,4,1,1
BRDA:71,5,0,1
BRDA:71,5,1,0
BRDA:79,6,0,0
BRDA:79,6,1,0
BRDA:87,7,0,0
BRDA:87,7,1,0
BRDA:99,8,0,0
BRDA:99,8,1,0
BRDA:107,9,0,0
BRDA:107,9,1,0
BRDA:150,10,0,0
BRDA:150,10,1,0
BRDA:157,11,0,0
BRDA:157,11,1,0
BRDA:170,12,0,0
BRDA:170,12,1,0
BRDA:178,13,0,0
BRDA:178,13,1,0
BRF:28
BRH:7
end_of_record
TN:
SF:helpers\bcrypt.js
FN:3,hashingPassword
FN:9,comparePassword
FNF:2
FNH:2
FNDA:7,hashingPassword
FNDA:1,comparePassword
DA:1,5
DA:4,7
DA:5,7
DA:6,7
DA:10,1
DA:11,1
DA:14,5
LF:7
LH:7
BRF:0
BRH:0
end_of_record
TN:
SF:helpers\emailHelper.js
FN:22,emailPageTemplate
FNF:1
FNH:1
FNDA:1,emailPageTemplate
DA:1,5
DA:11,5
DA:23,1
DA:72,5
LF:4
LH:4
BRF:0
BRH:0
end_of_record
TN:
SF:helpers\jwt.js
FN:4,signToken
FN:12,verifyToken
FNF:2
FNH:2
FNDA:7,signToken
FNDA:11,verifyToken
DA:1,6
DA:2,6
DA:5,7
DA:6,2
DA:8,5
DA:13,11
DA:16,6
LF:7
LH:7
BRDA:5,0,0,2
BRDA:5,0,1,5
BRF:2
BRH:2
end_of_record
TN:
SF:helpers\randomPasswordGenerator.js
FN:1,randomPasswordGenerator
FNF:1
FNH:1
FNDA:4,randomPasswordGenerator
DA:2,4
DA:3,4
DA:4,4
DA:5,52
DA:6,52
DA:8,4
DA:11,6
LF:7
LH:7
BRDA:1,0,0,3
BRF:1
BRH:1
end_of_record
TN:
SF:middleware\authentication.js
FN:2,authentication
FNF:1
FNH:1
FNDA:14,authentication
DA:1,6
DA:3,14
DA:4,14
DA:5,1
DA:11,13
DA:12,13
DA:14,13
DA:15,2
DA:20,11
DA:21,10
DA:22,10
DA:24,4
DA:28,6
LF:13
LH:13
BRDA:4,0,0,1
BRDA:4,0,1,13
BRDA:14,1,0,2
BRDA:14,1,1,11
BRDA:14,2,0,13
BRDA:14,2,1,12
BRF:6
BRH:6
end_of_record
TN:
SF:middleware\authorization.js
FN:2,authorization
FN:3,(anonymous_1)
FNF:2
FNH:2
FNDA:5,authorization
FNDA:5,(anonymous_1)
DA:1,6
DA:3,5
DA:4,5
DA:5,5
DA:6,5
DA:7,1
DA:13,4
DA:14,3
DA:15,3
DA:16,1
DA:22,2
DA:23,1
DA:30,2
DA:32,3
DA:37,6
LF:15
LH:15
BRDA:6,0,0,1
BRDA:6,0,1,4
BRDA:13,1,0,3
BRDA:13,1,1,1
BRDA:15,2,0,1
BRDA:15,2,1,2
BRDA:22,3,0,1
BRDA:22,3,1,1
BRF:8
BRH:8
end_of_record
TN:
SF:middleware\errorHandler.js
FN:1,errorHandler
FNF:1
FNH:1
FNDA:23,errorHandler
DA:2,23
DA:4,10
DA:8,3
DA:12,2
DA:16,1
DA:20,1
DA:24,1
DA:28,2
DA:32,1
DA:36,1
DA:40,1
DA:43,1
DA:47,5
LF:13
LH:13
BRDA:2,0,0,10
BRDA:2,0,1,3
BRDA:2,0,2,2
BRDA:2,0,3,1
BRDA:2,0,4,1
BRDA:2,0,5,1
BRDA:2,0,6,2
BRDA:2,0,7,1
BRDA:2,0,8,1
BRDA:2,0,9,1
BRF:10
BRH:10
end_of_record
TN:
SF:models\course.js
FN:5,(anonymous_0)
FN:12,(anonymous_1)
FNF:2
FNH:2
FNDA:5,(anonymous_0)
FNDA:5,(anonymous_1)
DA:4,5
DA:5,5
DA:16,5
DA:25,5
LF:4
LH:4
BRF:0
BRH:0
end_of_record
TN:
SF:models\index.js
FN:21,(anonymous_0)
FN:29,(anonymous_1)
FN:34,(anonymous_2)
FNF:3
FNH:3
FNDA:25,(anonymous_0)
FNDA:20,(anonymous_1)
FNDA:20,(anonymous_2)
DA:3,5
DA:4,5
DA:5,5
DA:6,5
DA:7,5
DA:8,5
DA:9,5
DA:10,5
DA:13,5
DA:14,0
DA:16,5
DA:19,5
DA:22,25
DA:30,20
DA:31,20
DA:34,5
DA:35,20
DA:36,20
DA:40,5
DA:41,5
DA:43,5
LF:21
LH:20
BRDA:8,0,0,5
BRDA:8,0,1,0
BRDA:13,1,0,0
BRDA:13,1,1,5
BRDA:23,2,0,25
BRDA:23,2,1,25
BRDA:23,2,2,20
BRDA:23,2,3,20
BRDA:35,3,0,20
BRDA:35,3,1,0
BRF:10
BRH:7
end_of_record
TN:
SF:models\material.js
FN:5,(anonymous_0)
FN:12,(anonymous_1)
FNF:2
FNH:2
FNDA:5,(anonymous_0)
FNDA:5,(anonymous_1)
DA:4,5
DA:5,5
DA:16,5
DA:27,5
LF:4
LH:4
BRF:0
BRH:0
end_of_record
TN:
SF:models\user.js
FN:5,(anonymous_0)
FN:12,(anonymous_1)
FNF:2
FNH:2
FNDA:5,(anonymous_0)
FNDA:5,(anonymous_1)
DA:4,5
DA:5,5
DA:14,5
DA:17,5
DA:62,5
LF:5
LH:5
BRF:0
BRH:0
end_of_record
TN:
SF:models\usercourse.js
FN:5,(anonymous_0)
FN:12,(anonymous_1)
FNF:2
FNH:2
FNDA:5,(anonymous_0)
FNDA:5,(anonymous_1)
DA:4,5
DA:5,5
DA:16,5
DA:24,5
LF:4
LH:4
BRF:0
BRH:0
end_of_record
TN:
SF:routes\api.js
FN:12,(anonymous_0)
FNF:1
FNH:0
FNDA:0,(anonymous_0)
DA:1,5
DA:2,5
DA:3,5
DA:4,5
DA:5,5
DA:6,5
DA:7,5
DA:9,5
DA:10,5
DA:12,5
DA:13,0
DA:18,5
DA:19,5
DA:21,5
DA:22,5
DA:24,5
DA:25,5
DA:26,5
DA:28,5
DA:29,5
DA:30,5
DA:31,5
DA:33,5
DA:34,5
DA:35,5
DA:36,5
DA:39,5
LF:27
LH:26
BRF:0
BRH:0
end_of_record
